<?xml version="1.0" encoding="UTF-8"?>
<!-- Generated by org.testng.reporters.JUnitXMLReporter -->
<testsuite hostname="INDHYDELP029" ignored="0" name="Default test" tests="1" failures="0" timestamp="22 Jul 2018 12:51:14 GMT" time="14.627" errors="0">
  <testcase name="@BeforeSuite GenReport" time="14.691" classname="com.demo.tests.CreateAndVerifyLogin">
    <failure type="java.lang.NullPointerException">
      <![CDATA[java.lang.NullPointerException
at com.demo.DBUtil.DBConnectClass.databaseConnMethod(DBConnectClass.java:46)
at com.demo.DBUtil.DBConnectClass.<init>(DBConnectClass.java:21)
at com.demo.tests.CreateAndVerifyLogin.GenReport(CreateAndVerifyLogin.java:139)
at sun.reflect.NativeMethodAccessorImpl.invoke0(Native Method)
at sun.reflect.NativeMethodAccessorImpl.invoke(Unknown Source)
at sun.reflect.DelegatingMethodAccessorImpl.invoke(Unknown Source)
at java.lang.reflect.Method.invoke(Unknown Source)
at org.testng.internal.MethodInvocationHelper.invokeMethod(MethodInvocationHelper.java:124)
at org.testng.internal.MethodInvocationHelper.invokeMethodConsideringTimeout(MethodInvocationHelper.java:59)
at org.testng.internal.Invoker.invokeConfigurationMethod(Invoker.java:458)
at org.testng.internal.Invoker.invokeConfigurations(Invoker.java:222)
at org.testng.internal.Invoker.invokeConfigurations(Invoker.java:142)
at org.testng.SuiteRunner.privateRun(SuiteRunner.java:401)
at org.testng.SuiteRunner.run(SuiteRunner.java:364)
at org.testng.SuiteRunnerWorker.runSuite(SuiteRunnerWorker.java:52)
at org.testng.SuiteRunnerWorker.run(SuiteRunnerWorker.java:84)
at org.testng.TestNG.runSuitesSequentially(TestNG.java:1208)
at org.testng.TestNG.runSuitesLocally(TestNG.java:1137)
at org.testng.TestNG.runSuites(TestNG.java:1049)
at org.testng.TestNG.run(TestNG.java:1017)
at org.testng.remote.AbstractRemoteTestNG.run(AbstractRemoteTestNG.java:114)
at org.testng.remote.RemoteTestNG.initAndRun(RemoteTestNG.java:251)
at org.testng.remote.RemoteTestNG.main(RemoteTestNG.java:77)
]]>
    </failure>
  </testcase> <!-- @BeforeSuite GenReport -->
  <testcase name="createLogin1" time="0.0" classname="com.demo.tests.CreateAndVerifyLogin">
    <skipped/>
  </testcase> <!-- createLogin1 -->
</testsuite> <!-- Default test -->
